Info: constrained 'CLK' to bel 'X0/Y8/io1'
Info: constrained 'LED0' to bel 'X0/Y13/io0'
Info: constrained 'LED1' to bel 'X0/Y9/io1'
Info: constrained 'LED2' to bel 'X10/Y0/io0'
Info: constrained 'LED3' to bel 'X6/Y0/io0'
Info: constrained 'LED4' to bel 'X13/Y12/io0'
Info: constrained 'LED5' to bel 'X13/Y9/io0'
Info: constrained 'TAMPER_IN' to bel 'X13/Y11/io0'
Info: constrained 'RX' to bel 'X7/Y17/io0'
Info: constrained 'TX' to bel 'X6/Y17/io1'

Info: Packing constants..
Info: Packing IOs..
Info: Packing LUT-FFs..
Info:       63 LCs used as LUT4 only
Info:      130 LCs used as LUT4 and DFF
Info: Packing non-LUT FFs..
Info:       37 LCs used as DFF only
Info: Packing carries..
Info:       11 LCs used as CARRY only
Info: Packing indirect carry+LUT pairs...
Info:        1 LUTs merged into carry LCs
Info: Packing RAMs..
Info: Placing PLLs..
Info: Packing special functions..
Info: Packing PLLs..
Info: Promoting globals..
Info: promoting CLK$SB_IO_IN (fanout 167)
Info: promoting reset [reset] (fanout 69)
Info: promoting unit_uart_tx.tx_ready [reset] (fanout 16)
Info: promoting unit_uart_rx.rx_ready_SB_LUT4_I1_O[2] [cen] (fanout 16)
Info: promoting unit_controller.trap_armed_SB_LUT4_I3_O [cen] (fanout 16)
Info: Constraining chains...
Info:       10 LCs used to legalise carry chains.
Info: Checksum: 0xb81f8aac

Info: Annotating ports with timing budgets for target frequency 48.00 MHz
Info: Checksum: 0x50d89cf8

Info: Device utilisation:
Info: 	         ICESTORM_LC:   252/ 1280    19%
Info: 	        ICESTORM_RAM:     0/   16     0%
Info: 	               SB_IO:    10/  112     8%
Info: 	               SB_GB:     5/    8    62%
Info: 	        ICESTORM_PLL:     0/    1     0%
Info: 	         SB_WARMBOOT:     0/    1     0%

Info: Placed 10 cells based on constraints.
Info: Creating initial analytic placement for 170 cells, random placement wirelen = 2508.
Info:     at initial placer iter 0, wirelen = 105
Info:     at initial placer iter 1, wirelen = 98
Info:     at initial placer iter 2, wirelen = 102
Info:     at initial placer iter 3, wirelen = 97
Info: Running main analytical placer, max placement attempts per cell = 10000.
Info:     at iteration #1, type ICESTORM_LC: wirelen solved = 97, spread = 411, legal = 641; time = 0.00s
Info:     at iteration #1, type SB_GB: wirelen solved = 632, spread = 664, legal = 670; time = 0.00s
Info:     at iteration #1, type ALL: wirelen solved = 98, spread = 489, legal = 746; time = 0.00s
Info:     at iteration #2, type ICESTORM_LC: wirelen solved = 157, spread = 458, legal = 647; time = 0.00s
Info:     at iteration #2, type SB_GB: wirelen solved = 632, spread = 634, legal = 643; time = 0.00s
Info:     at iteration #2, type ALL: wirelen solved = 118, spread = 458, legal = 735; time = 0.00s
Info:     at iteration #3, type ICESTORM_LC: wirelen solved = 169, spread = 464, legal = 642; time = 0.00s
Info:     at iteration #3, type SB_GB: wirelen solved = 632, spread = 634, legal = 642; time = 0.00s
Info:     at iteration #3, type ALL: wirelen solved = 137, spread = 437, legal = 701; time = 0.00s
Info:     at iteration #4, type ICESTORM_LC: wirelen solved = 171, spread = 466, legal = 578; time = 0.00s
Info:     at iteration #4, type SB_GB: wirelen solved = 570, spread = 579, legal = 578; time = 0.00s
Info:     at iteration #4, type ALL: wirelen solved = 136, spread = 485, legal = 701; time = 0.00s
Info:     at iteration #5, type ICESTORM_LC: wirelen solved = 203, spread = 540, legal = 683; time = 0.00s
Info:     at iteration #5, type SB_GB: wirelen solved = 671, spread = 683, legal = 683; time = 0.00s
Info:     at iteration #5, type ALL: wirelen solved = 166, spread = 480, legal = 631; time = 0.00s
Info:     at iteration #6, type ICESTORM_LC: wirelen solved = 226, spread = 444, legal = 685; time = 0.00s
Info:     at iteration #6, type SB_GB: wirelen solved = 675, spread = 675, legal = 685; time = 0.00s
Info:     at iteration #6, type ALL: wirelen solved = 180, spread = 644, legal = 741; time = 0.00s
Info:     at iteration #7, type ICESTORM_LC: wirelen solved = 238, spread = 486, legal = 646; time = 0.00s
Info:     at iteration #7, type SB_GB: wirelen solved = 634, spread = 647, legal = 646; time = 0.00s
Info:     at iteration #7, type ALL: wirelen solved = 194, spread = 442, legal = 594; time = 0.00s
Info:     at iteration #8, type ICESTORM_LC: wirelen solved = 241, spread = 476, legal = 716; time = 0.00s
Info:     at iteration #8, type SB_GB: wirelen solved = 697, spread = 715, legal = 717; time = 0.00s
Info:     at iteration #8, type ALL: wirelen solved = 214, spread = 459, legal = 648; time = 0.00s
Info:     at iteration #9, type ICESTORM_LC: wirelen solved = 244, spread = 457, legal = 711; time = 0.00s
Info:     at iteration #9, type SB_GB: wirelen solved = 690, spread = 708, legal = 706; time = 0.00s
Info:     at iteration #9, type ALL: wirelen solved = 221, spread = 500, legal = 622; time = 0.00s
Info:     at iteration #10, type ICESTORM_LC: wirelen solved = 262, spread = 464, legal = 661; time = 0.00s
Info:     at iteration #10, type SB_GB: wirelen solved = 636, spread = 668, legal = 661; time = 0.00s
Info:     at iteration #10, type ALL: wirelen solved = 218, spread = 463, legal = 701; time = 0.00s
Info:     at iteration #11, type ICESTORM_LC: wirelen solved = 258, spread = 599, legal = 661; time = 0.00s
Info:     at iteration #11, type SB_GB: wirelen solved = 643, spread = 662, legal = 662; time = 0.00s
Info:     at iteration #11, type ALL: wirelen solved = 215, spread = 592, legal = 729; time = 0.00s
Info:     at iteration #12, type ICESTORM_LC: wirelen solved = 273, spread = 564, legal = 633; time = 0.00s
Info:     at iteration #12, type SB_GB: wirelen solved = 621, spread = 635, legal = 633; time = 0.00s
Info:     at iteration #12, type ALL: wirelen solved = 225, spread = 517, legal = 681; time = 0.00s
Info: HeAP Placer Time: 0.11s
Info:   of which solving equations: 0.08s
Info:   of which spreading cells: 0.01s
Info:   of which strict legalisation: 0.01s

Info: Running simulated annealing placer for refinement.
Info:   at iteration #1: temp = 0.000000, timing cost = 32, wirelen = 594
Info:   at iteration #5: temp = 0.000000, timing cost = 15, wirelen = 466
Info:   at iteration #8: temp = 0.000000, timing cost = 22, wirelen = 449 
Info: SA placement time 0.03s

Info: Max frequency for clock 'CLK$SB_IO_IN_$glb_clk': 96.81 MHz (PASS at 48.00 MHz)

Info: Max delay <async>                       -> posedge CLK$SB_IO_IN_$glb_clk: 3.06 ns
Info: Max delay posedge CLK$SB_IO_IN_$glb_clk -> <async>                      : 7.63 ns

Info: Slack histogram:
Info:  legend: * represents 2 endpoint(s)
Info:          + represents [1,2) endpoint(s)
Info: [ 10504,  10938) |*****+
Info: [ 10938,  11372) | 
Info: [ 11372,  11806) | 
Info: [ 11806,  12240) |+
Info: [ 12240,  12674) |********+
Info: [ 12674,  13108) |************+
Info: [ 13108,  13542) |*************************+
Info: [ 13542,  13976) |**+
Info: [ 13976,  14410) |**+
Info: [ 14410,  14844) |*****+
Info: [ 14844,  15278) |********+
Info: [ 15278,  15712) |***+
Info: [ 15712,  16146) |*******+
Info: [ 16146,  16580) |*******+
Info: [ 16580,  17014) |****+
Info: [ 17014,  17448) |********+
Info: [ 17448,  17882) |*************************+
Info: [ 17882,  18316) |**+
Info: [ 18316,  18750) |************************************************************ 
Info: [ 18750,  19184) |+
Info: Checksum: 0x1ef119a4

Info: Routing..
Info: Setting up routing queue.
Info: Routing 776 arcs.
Info:            |   (re-)routed arcs  |   delta    | remaining|       time spent     |
Info:    IterCnt |  w/ripup   wo/ripup |  w/r  wo/r |      arcs| batch(sec) total(sec)|
Info:        831 |       52        706 |   52   706 |         0|       0.08       0.08|
Info: Routing complete.
Info: Router1 time 0.08s
Info: Checksum: 0xfa6bd0aa

Info: Critical path report for clock 'CLK$SB_IO_IN_$glb_clk' (posedge -> posedge):
Info: curr total
Info:  0.8  0.8  Source unit_bridge.state_SB_DFFER_Q_D_SB_LUT4_O_LC.O
Info:  0.9  1.7    Net unit_bridge.state[1] budget 3.490000 ns (2,6) -> (2,7)
Info:                Sink unit_bridge.state_SB_DFFER_Q_D_SB_LUT4_O_I3_SB_LUT4_O_LC.I2
Info:                Defined in:
Info:                  /usr/bin/../share/yosys/ice40/cells_map.v:6.21-6.22
Info:  0.6  2.2  Source unit_bridge.state_SB_DFFER_Q_D_SB_LUT4_O_I3_SB_LUT4_O_LC.O
Info:  0.9  3.1    Net unit_bridge.do_compare_SB_DFFR_Q_D_SB_LUT4_O_I0[3] budget 3.490000 ns (2,7) -> (2,6)
Info:                Sink unit_bridge.state_SB_DFFER_Q_D_SB_LUT4_O_I3_SB_LUT4_I3_LC.I3
Info:                Defined in:
Info:                  /usr/bin/../share/yosys/ice40/cells_map.v:6.21-6.22
Info:  0.5  3.6  Source unit_bridge.state_SB_DFFER_Q_D_SB_LUT4_O_I3_SB_LUT4_I3_LC.O
Info:  0.9  4.4    Net unit_bridge.state_SB_DFFER_Q_D_SB_LUT4_O_I3_SB_LUT4_I3_O[0] budget 3.490000 ns (2,6) -> (2,7)
Info:                Sink unit_uart_rx.rx_ready_SB_LUT4_I1_LC.I2
Info:                Defined in:
Info:                  /usr/bin/../share/yosys/ice40/cells_map.v:6.21-6.22
Info:  0.6  5.0  Source unit_uart_rx.rx_ready_SB_LUT4_I1_LC.O
Info:  1.9  6.9    Net unit_uart_rx.rx_ready_SB_LUT4_I1_O[2] budget 3.533000 ns (2,7) -> (4,6)
Info:                Sink unit_bridge.byte_count_SB_DFFER_Q_E_SB_LUT4_O_LC.I2
Info:                Defined in:
Info:                  /usr/bin/../share/yosys/ice40/cells_map.v:6.21-6.22
Info:  0.6  7.4  Source unit_bridge.byte_count_SB_DFFER_Q_E_SB_LUT4_O_LC.O
Info:  1.4  8.8    Net unit_bridge.byte_count_SB_DFFER_Q_E budget 3.533000 ns (4,6) -> (5,6)
Info:                Sink unit_bridge.byte_count_SB_DFFER_Q_D_SB_LUT4_O_LC.CEN
Info:  0.1  8.9  Setup unit_bridge.byte_count_SB_DFFER_Q_D_SB_LUT4_O_LC.CEN
Info: 3.0 ns logic, 5.9 ns routing

Info: Critical path report for cross-domain path '<async>' -> 'posedge CLK$SB_IO_IN_$glb_clk':
Info: curr total
Info:  0.0  0.0  Source RX$sb_io.D_IN_0
Info:  2.3  2.3    Net RX$SB_IO_IN budget 20.337999 ns (7,17) -> (6,7)
Info:                Sink RX_SB_LUT4_I3_LC.I3
Info:                Defined in:
Info:                  top.v:60.7-67.6
Info:                  uart_rx.v:27.8-27.10
Info:  0.5  2.8  Setup RX_SB_LUT4_I3_LC.I3
Info: 0.5 ns logic, 2.3 ns routing

Info: Critical path report for cross-domain path 'posedge CLK$SB_IO_IN_$glb_clk' -> '<async>':
Info: curr total
Info:  0.8  0.8  Source unit_controller.unit_fsm.next_state_SB_LUT4_O_LC.O
Info:  0.9  1.7    Net LED1$SB_IO_OUT budget 4.566000 ns (1,2) -> (2,3)
Info:                Sink unit_bridge.aes_enable_SB_LUT4_O_I3_SB_LUT4_O_LC.I2
Info:                Defined in:
Info:                  top.v:106.7-120.6
Info:                  platform_unlock_fsm.v:14.24-14.35
Info:                  auth_controller_top.v:49.25-61.6
Info:  0.6  2.2  Source unit_bridge.aes_enable_SB_LUT4_O_I3_SB_LUT4_O_LC.O
Info:  1.9  4.1    Net unit_bridge.aes_enable_SB_LUT4_O_I3[1] budget 6.108000 ns (2,3) -> (4,6)
Info:                Sink unit_bridge.aes_enable_SB_LUT4_O_LC.I3
Info:                Defined in:
Info:                  /usr/bin/../share/yosys/ice40/cells_map.v:6.21-6.22
Info:  0.5  4.6  Source unit_bridge.aes_enable_SB_LUT4_O_LC.O
Info:  2.9  7.5    Net LED4$SB_IO_OUT budget 6.338000 ns (4,6) -> (13,12)
Info:                Sink LED4$sb_io.D_OUT_0
Info:                Defined in:
Info:                  top.v:38.18-38.26
Info: 1.8 ns logic, 5.6 ns routing

Info: Max frequency for clock 'CLK$SB_IO_IN_$glb_clk': 112.40 MHz (PASS at 48.00 MHz)

Info: Max delay <async>                       -> posedge CLK$SB_IO_IN_$glb_clk: 2.82 ns
Info: Max delay posedge CLK$SB_IO_IN_$glb_clk -> <async>                      : 7.45 ns

Info: Slack histogram:
Info:  legend: * represents 2 endpoint(s)
Info:          + represents [1,2) endpoint(s)
Info: [ 11936,  12298) |**+
Info: [ 12298,  12660) |********+
Info: [ 12660,  13022) |+
Info: [ 13022,  13384) |*******+
Info: [ 13384,  13746) |****+
Info: [ 13746,  14108) |**+
Info: [ 14108,  14470) |******+
Info: [ 14470,  14832) |**+
Info: [ 14832,  15194) |**+
Info: [ 15194,  15556) |*************************************+
Info: [ 15556,  15918) |*******+
Info: [ 15918,  16280) |****+
Info: [ 16280,  16642) |***+
Info: [ 16642,  17004) |*****+
Info: [ 17004,  17366) |********+
Info: [ 17366,  17728) |*************+
Info: [ 17728,  18090) |*********+
Info: [ 18090,  18452) |*+
Info: [ 18452,  18814) |************************************************************ 
Info: [ 18814,  19176) |+

Info: Program finished normally.
